# JRE version: OpenJDK Runtime Environment (21.0.6) (build 21.0.6+-13368085-b895.109)
# Java VM: OpenJDK 64-Bit Server VM (21.0.6+-13368085-b895.109, mixed mode, tiered, compressed oops, compressed class ptrs, g1 gc, windows-amd64)
GC Precious Log:
 CardTable entry size: 512
 Card Set container configuration: InlinePtr #cards 5 size 8 Array Of Cards #cards 12 size 40 Howl #buckets 4 coarsen threshold 1843 Howl Bitmap #cards 512 size 80 coarsen threshold 460 Card regions per heap region 1 cards per card region 2048
 CPUs: 16 total, 16 available
 Memory: 16070M
 Large Page Support: Disabled
 NUMA Support: Disabled
 Compressed Oops: Enabled (32-bit)
 Heap Region Size: 1M
 Heap Min Capacity: 8M
 Heap Initial Capacity: 252M
 Heap Max Capacity: 2G
 Pre-touch: Disabled
 Parallel Workers: 13
 Concurrent Workers: 3
 Concurrent Refinement Workers: 13
 Periodic GC: Disabled
Heap:
 garbage-first heap   total 133120K, used 63966K [0x0000000080000000, 0x0000000100000000)
  region size 1024K, 4 young (4096K), 4 survivors (4096K)
 Metaspace       used 79289K, committed 81152K, reserved 1179648K
  class space    used 10588K, committed 11520K, reserved 1048576K
GC Heap History (20 events):
Event: 1.738 GC heap after
{Heap after GC invocations=8 (full 0):
 garbage-first heap   total 82944K, used 25705K [0x0000000080000000, 0x0000000100000000)
  region size 1024K, 4 young (4096K), 4 survivors (4096K)
 Metaspace       used 35237K, committed 36096K, reserved 1114112K
  class space    used 4701K, committed 5120K, reserved 1048576K
}
Event: 2.022 GC heap before
{Heap before GC invocations=9 (full 0):
 garbage-first heap   total 82944K, used 69737K [0x0000000080000000, 0x0000000100000000)
  region size 1024K, 48 young (49152K), 4 survivors (4096K)
 Metaspace       used 41696K, committed 42880K, reserved 1114112K
  class space    used 5649K, committed 6208K, reserved 1048576K
}
Event: 2.024 GC heap after
{Heap after GC invocations=10 (full 0):
 garbage-first heap   total 82944K, used 28440K [0x0000000080000000, 0x0000000100000000)
  region size 1024K, 6 young (6144K), 6 survivors (6144K)
 Metaspace       used 41696K, committed 42880K, reserved 1114112K
  class space    used 5649K, committed 6208K, reserved 1048576K
}
Event: 2.242 GC heap before
{Heap before GC invocations=10 (full 0):
 garbage-first heap   total 82944K, used 70424K [0x0000000080000000, 0x0000000100000000)
  region size 1024K, 48 young (49152K), 6 survivors (6144K)
 Metaspace       used 46780K, committed 48128K, reserved 1114112K
  class space    used 6230K, committed 6912K, reserved 1048576K
}
Event: 2.245 GC heap after
{Heap after GC invocations=11 (full 0):
 garbage-first heap   total 82944K, used 31644K [0x0000000080000000, 0x0000000100000000)
  region size 1024K, 6 young (6144K), 6 survivors (6144K)
 Metaspace       used 46780K, committed 48128K, reserved 1114112K
  class space    used 6230K, committed 6912K, reserved 1048576K
}
Event: 2.446 GC heap before
{Heap before GC invocations=11 (full 0):
 garbage-first heap   total 82944K, used 71580K [0x0000000080000000, 0x0000000100000000)
  region size 1024K, 45 young (46080K), 6 survivors (6144K)
 Metaspace       used 49463K, committed 50880K, reserved 1114112K
  class space    used 6658K, committed 7360K, reserved 1048576K
}
Event: 2.448 GC heap after
{Heap after GC invocations=12 (full 0):
 garbage-first heap   total 134144K, used 34650K [0x0000000080000000, 0x0000000100000000)
  region size 1024K, 3 young (3072K), 3 survivors (3072K)
 Metaspace       used 49463K, committed 50880K, reserved 1114112K
  class space    used 6658K, committed 7360K, reserved 1048576K
}
Event: 2.838 GC heap before
{Heap before GC invocations=12 (full 0):
 garbage-first heap   total 134144K, used 100186K [0x0000000080000000, 0x0000000100000000)
  region size 1024K, 66 young (67584K), 3 survivors (3072K)
 Metaspace       used 58774K, committed 60288K, reserved 1114112K
  class space    used 7913K, committed 8704K, reserved 1048576K
}
Event: 2.840 GC heap after
{Heap after GC invocations=13 (full 0):
 garbage-first heap   total 134144K, used 36824K [0x0000000080000000, 0x0000000100000000)
  region size 1024K, 5 young (5120K), 5 survivors (5120K)
 Metaspace       used 58774K, committed 60288K, reserved 1114112K
  class space    used 7913K, committed 8704K, reserved 1048576K
}
Event: 3.400 GC heap before
{Heap before GC invocations=14 (full 0):
 garbage-first heap   total 126976K, used 107480K [0x0000000080000000, 0x0000000100000000)
  region size 1024K, 74 young (75776K), 5 survivors (5120K)
 Metaspace       used 66145K, committed 67840K, reserved 1114112K
  class space    used 9048K, committed 9920K, reserved 1048576K
}
Event: 3.403 GC heap after
{Heap after GC invocations=15 (full 0):
 garbage-first heap   total 126976K, used 42915K [0x0000000080000000, 0x0000000100000000)
  region size 1024K, 10 young (10240K), 10 survivors (10240K)
 Metaspace       used 66145K, committed 67840K, reserved 1114112K
  class space    used 9048K, committed 9920K, reserved 1048576K
}
Event: 3.531 GC heap before
{Heap before GC invocations=15 (full 0):
 garbage-first heap   total 126976K, used 108451K [0x0000000080000000, 0x0000000100000000)
  region size 1024K, 74 young (75776K), 10 survivors (10240K)
 Metaspace       used 66859K, committed 68544K, reserved 1114112K
  class space    used 9075K, committed 9920K, reserved 1048576K
}
Event: 3.535 GC heap after
{Heap after GC invocations=16 (full 0):
 garbage-first heap   total 126976K, used 46283K [0x0000000080000000, 0x0000000100000000)
  region size 1024K, 5 young (5120K), 5 survivors (5120K)
 Metaspace       used 66859K, committed 68544K, reserved 1114112K
  class space    used 9075K, committed 9920K, reserved 1048576K
}
Event: 3.630 GC heap before
{Heap before GC invocations=16 (full 0):
 garbage-first heap   total 126976K, used 91339K [0x0000000080000000, 0x0000000100000000)
  region size 1024K, 51 young (52224K), 5 survivors (5120K)
 Metaspace       used 67170K, committed 68864K, reserved 1114112K
  class space    used 9113K, committed 9984K, reserved 1048576K
}
Event: 3.632 GC heap after
{Heap after GC invocations=17 (full 0):
 garbage-first heap   total 126976K, used 47760K [0x0000000080000000, 0x0000000100000000)
  region size 1024K, 7 young (7168K), 7 survivors (7168K)
 Metaspace       used 67170K, committed 68864K, reserved 1114112K
  class space    used 9113K, committed 9984K, reserved 1048576K
}
Event: 3.959 GC heap before
{Heap before GC invocations=18 (full 0):
 garbage-first heap   total 126976K, used 118416K [0x0000000080000000, 0x0000000100000000)
  region size 1024K, 69 young (70656K), 7 survivors (7168K)
 Metaspace       used 72283K, committed 73984K, reserved 1114112K
  class space    used 9718K, committed 10560K, reserved 1048576K
}
Event: 3.962 GC heap after
{Heap after GC invocations=19 (full 0):
 garbage-first heap   total 133120K, used 60788K [0x0000000080000000, 0x0000000100000000)
  region size 1024K, 9 young (9216K), 9 survivors (9216K)
 Metaspace       used 72283K, committed 73984K, reserved 1114112K
  class space    used 9718K, committed 10560K, reserved 1048576K
}
Event: 4.262 GC heap before
{Heap before GC invocations=19 (full 0):
 garbage-first heap   total 133120K, used 116084K [0x0000000080000000, 0x0000000100000000)
  region size 1024K, 63 young (64512K), 9 survivors (9216K)
 Metaspace       used 78823K, committed 80640K, reserved 1179648K
  class space    used 10536K, committed 11456K, reserved 1048576K
}
Event: 4.266 GC heap after
{Heap after GC invocations=20 (full 0):
 garbage-first heap   total 133120K, used 63807K [0x0000000080000000, 0x0000000100000000)
  region size 1024K, 4 young (4096K), 4 survivors (4096K)
 Metaspace       used 78823K, committed 80640K, reserved 1179648K
  class space    used 10536K, committed 11456K, reserved 1048576K
}
Event: 4.297 GC heap before
{Heap before GC invocations=20 (full 0):
 garbage-first heap   total 133120K, used 64831K [0x0000000080000000, 0x0000000100000000)
  region size 1024K, 7 young (7168K), 4 survivors (4096K)
 Metaspace       used 79289K, committed 81152K, reserved 1179648K
  class space    used 10588K, committed 11520K, reserved 1048576K
}

