# JRE version: OpenJDK Runtime Environment (21.0.6) (build 21.0.6+-13368085-b895.109)
# Java VM: OpenJDK 64-Bit Server VM (21.0.6+-13368085-b895.109, mixed mode, tiered, compressed oops, compressed class ptrs, g1 gc, windows-amd64)
GC Precious Log:
 CardTable entry size: 512
 Card Set container configuration: InlinePtr #cards 5 size 8 Array Of Cards #cards 12 size 40 Howl #buckets 4 coarsen threshold 1843 Howl Bitmap #cards 512 size 80 coarsen threshold 460 Card regions per heap region 1 cards per card region 2048
 CPUs: 16 total, 16 available
 Memory: 16070M
 Large Page Support: Disabled
 NUMA Support: Disabled
 Compressed Oops: Enabled (32-bit)
 Heap Region Size: 1M
 Heap Min Capacity: 8M
 Heap Initial Capacity: 252M
 Heap Max Capacity: 2G
 Pre-touch: Disabled
 Parallel Workers: 13
 Concurrent Workers: 3
 Concurrent Refinement Workers: 13
 Periodic GC: Disabled
Heap:
 garbage-first heap   total 130048K, used 73921K [0x0000000080000000, 0x0000000100000000)
  region size 1024K, 5 young (5120K), 5 survivors (5120K)
 Metaspace       used 85222K, committed 87104K, reserved 1179648K
  class space    used 11334K, committed 12288K, reserved 1048576K
GC Heap History (20 events):
Event: 2.773 GC heap after
{Heap after GC invocations=13 (full 0):
 garbage-first heap   total 101376K, used 37053K [0x0000000080000000, 0x0000000100000000)
  region size 1024K, 5 young (5120K), 5 survivors (5120K)
 Metaspace       used 56835K, committed 58368K, reserved 1114112K
  class space    used 7619K, committed 8384K, reserved 1048576K
}
Event: 2.849 GC heap before
{Heap before GC invocations=13 (full 0):
 garbage-first heap   total 101376K, used 49341K [0x0000000080000000, 0x0000000100000000)
  region size 1024K, 18 young (18432K), 5 survivors (5120K)
 Metaspace       used 58583K, committed 60096K, reserved 1114112K
  class space    used 7878K, committed 8640K, reserved 1048576K
}
Event: 2.852 GC heap after
{Heap after GC invocations=14 (full 0):
 garbage-first heap   total 101376K, used 37486K [0x0000000080000000, 0x0000000100000000)
  region size 1024K, 3 young (3072K), 3 survivors (3072K)
 Metaspace       used 58583K, committed 60096K, reserved 1114112K
  class space    used 7878K, committed 8640K, reserved 1048576K
}
Event: 3.298 GC heap before
{Heap before GC invocations=15 (full 0):
 garbage-first heap   total 101376K, used 90734K [0x0000000080000000, 0x0000000100000000)
  region size 1024K, 55 young (56320K), 3 survivors (3072K)
 Metaspace       used 65200K, committed 66880K, reserved 1114112K
  class space    used 8889K, committed 9728K, reserved 1048576K
}
Event: 3.300 GC heap after
{Heap after GC invocations=16 (full 0):
 garbage-first heap   total 101376K, used 41902K [0x0000000080000000, 0x0000000100000000)
  region size 1024K, 7 young (7168K), 7 survivors (7168K)
 Metaspace       used 65200K, committed 66880K, reserved 1114112K
  class space    used 8889K, committed 9728K, reserved 1048576K
}
Event: 3.462 GC heap before
{Heap before GC invocations=16 (full 0):
 garbage-first heap   total 101376K, used 87982K [0x0000000080000000, 0x0000000100000000)
  region size 1024K, 52 young (53248K), 7 survivors (7168K)
 Metaspace       used 66592K, committed 68224K, reserved 1114112K
  class space    used 9051K, committed 9856K, reserved 1048576K
}
Event: 3.465 GC heap after
{Heap after GC invocations=17 (full 0):
 garbage-first heap   total 101376K, used 45942K [0x0000000080000000, 0x0000000100000000)
  region size 1024K, 6 young (6144K), 6 survivors (6144K)
 Metaspace       used 66592K, committed 68224K, reserved 1114112K
  class space    used 9051K, committed 9856K, reserved 1048576K
}
Event: 3.518 GC heap before
{Heap before GC invocations=17 (full 0):
 garbage-first heap   total 101376K, used 86902K [0x0000000080000000, 0x0000000100000000)
  region size 1024K, 47 young (48128K), 6 survivors (6144K)
 Metaspace       used 66821K, committed 68480K, reserved 1114112K
  class space    used 9052K, committed 9856K, reserved 1048576K
}
Event: 3.520 GC heap after
{Heap after GC invocations=18 (full 0):
 garbage-first heap   total 101376K, used 47312K [0x0000000080000000, 0x0000000100000000)
  region size 1024K, 4 young (4096K), 4 survivors (4096K)
 Metaspace       used 66821K, committed 68480K, reserved 1114112K
  class space    used 9052K, committed 9856K, reserved 1048576K
}
Event: 3.604 GC heap before
{Heap before GC invocations=18 (full 0):
 garbage-first heap   total 101376K, used 89296K [0x0000000080000000, 0x0000000100000000)
  region size 1024K, 46 young (47104K), 4 survivors (4096K)
 Metaspace       used 67125K, committed 68800K, reserved 1114112K
  class space    used 9088K, committed 9920K, reserved 1048576K
}
Event: 3.606 GC heap after
{Heap after GC invocations=19 (full 0):
 garbage-first heap   total 121856K, used 48953K [0x0000000080000000, 0x0000000100000000)
  region size 1024K, 4 young (4096K), 4 survivors (4096K)
 Metaspace       used 67125K, committed 68800K, reserved 1114112K
  class space    used 9088K, committed 9920K, reserved 1048576K
}
Event: 3.932 GC heap before
{Heap before GC invocations=20 (full 0):
 garbage-first heap   total 121856K, used 115513K [0x0000000080000000, 0x0000000100000000)
  region size 1024K, 63 young (64512K), 4 survivors (4096K)
 Metaspace       used 71938K, committed 73664K, reserved 1114112K
  class space    used 9658K, committed 10496K, reserved 1048576K
}
Event: 3.935 GC heap after
{Heap after GC invocations=21 (full 0):
 garbage-first heap   total 128000K, used 62142K [0x0000000080000000, 0x0000000100000000)
  region size 1024K, 8 young (8192K), 8 survivors (8192K)
 Metaspace       used 71938K, committed 73664K, reserved 1114112K
  class space    used 9658K, committed 10496K, reserved 1048576K
}
Event: 4.206 GC heap before
{Heap before GC invocations=21 (full 0):
 garbage-first heap   total 128000K, used 112318K [0x0000000080000000, 0x0000000100000000)
  region size 1024K, 57 young (58368K), 8 survivors (8192K)
 Metaspace       used 77564K, committed 79424K, reserved 1179648K
  class space    used 10361K, committed 11264K, reserved 1048576K
}
Event: 4.209 GC heap after
{Heap after GC invocations=22 (full 0):
 garbage-first heap   total 128000K, used 63355K [0x0000000080000000, 0x0000000100000000)
  region size 1024K, 3 young (3072K), 3 survivors (3072K)
 Metaspace       used 77564K, committed 79424K, reserved 1179648K
  class space    used 10361K, committed 11264K, reserved 1048576K
}
Event: 4.272 GC heap before
{Heap before GC invocations=22 (full 0):
 garbage-first heap   total 128000K, used 73595K [0x0000000080000000, 0x0000000100000000)
  region size 1024K, 14 young (14336K), 3 survivors (3072K)
 Metaspace       used 79237K, committed 81088K, reserved 1179648K
  class space    used 10561K, committed 11456K, reserved 1048576K
}
Event: 4.275 GC heap after
{Heap after GC invocations=23 (full 0):
 garbage-first heap   total 128000K, used 64689K [0x0000000080000000, 0x0000000100000000)
  region size 1024K, 4 young (4096K), 4 survivors (4096K)
 Metaspace       used 79237K, committed 81088K, reserved 1179648K
  class space    used 10561K, committed 11456K, reserved 1048576K
}
Event: 4.501 GC heap before
{Heap before GC invocations=24 (full 0):
 garbage-first heap   total 128000K, used 121009K [0x0000000080000000, 0x0000000100000000)
  region size 1024K, 54 young (55296K), 4 survivors (4096K)
 Metaspace       used 82161K, committed 83968K, reserved 1179648K
  class space    used 10949K, committed 11840K, reserved 1048576K
}
Event: 4.504 GC heap after
{Heap after GC invocations=25 (full 0):
 garbage-first heap   total 130048K, used 70122K [0x0000000080000000, 0x0000000100000000)
  region size 1024K, 7 young (7168K), 7 survivors (7168K)
 Metaspace       used 82161K, committed 83968K, reserved 1179648K
  class space    used 10949K, committed 11840K, reserved 1048576K
}
Event: 4.720 GC heap before
{Heap before GC invocations=25 (full 0):
 garbage-first heap   total 130048K, used 114154K [0x0000000080000000, 0x0000000100000000)
  region size 1024K, 51 young (52224K), 7 survivors (7168K)
 Metaspace       used 85222K, committed 87104K, reserved 1179648K
  class space    used 11334K, committed 12288K, reserved 1048576K
}

