# JRE version: OpenJDK Runtime Environment (21.0.6) (build 21.0.6+-13368085-b895.109)
# Java VM: OpenJDK 64-Bit Server VM (21.0.6+-13368085-b895.109, mixed mode, tiered, compressed oops, compressed class ptrs, g1 gc, windows-amd64)
GC Precious Log:
 CardTable entry size: 512
 Card Set container configuration: InlinePtr #cards 5 size 8 Array Of Cards #cards 12 size 40 Howl #buckets 4 coarsen threshold 1843 Howl Bitmap #cards 512 size 80 coarsen threshold 460 Card regions per heap region 1 cards per card region 2048
 CPUs: 16 total, 16 available
 Memory: 16070M
 Large Page Support: Disabled
 NUMA Support: Disabled
 Compressed Oops: Enabled (32-bit)
 Heap Region Size: 1M
 Heap Min Capacity: 8M
 Heap Initial Capacity: 252M
 Heap Max Capacity: 2G
 Pre-touch: Disabled
 Parallel Workers: 13
 Concurrent Workers: 3
 Concurrent Refinement Workers: 13
 Periodic GC: Disabled
Heap:
 garbage-first heap   total 139264K, used 108526K [0x0000000080000000, 0x0000000100000000)
  region size 1024K, 58 young (59392K), 10 survivors (10240K)
 Metaspace       used 79212K, committed 81024K, reserved 1179648K
  class space    used 10566K, committed 11456K, reserved 1048576K
GC Heap History (20 events):
Event: 2.127 GC heap before
{Heap before GC invocations=9 (full 0):
 garbage-first heap   total 84992K, used 69986K [0x0000000080000000, 0x0000000100000000)
  region size 1024K, 48 young (49152K), 4 survivors (4096K)
 Metaspace       used 41707K, committed 42880K, reserved 1114112K
  class space    used 5647K, committed 6208K, reserved 1048576K
}
Event: 2.129 GC heap after
{Heap after GC invocations=10 (full 0):
 garbage-first heap   total 84992K, used 28496K [0x0000000080000000, 0x0000000100000000)
  region size 1024K, 6 young (6144K), 6 survivors (6144K)
 Metaspace       used 41707K, committed 42880K, reserved 1114112K
  class space    used 5647K, committed 6208K, reserved 1048576K
}
Event: 2.323 GC heap before
{Heap before GC invocations=10 (full 0):
 garbage-first heap   total 84992K, used 71504K [0x0000000080000000, 0x0000000100000000)
  region size 1024K, 49 young (50176K), 6 survivors (6144K)
 Metaspace       used 46736K, committed 48000K, reserved 1114112K
  class space    used 6218K, committed 6848K, reserved 1048576K
}
Event: 2.326 GC heap after
{Heap after GC invocations=11 (full 0):
 garbage-first heap   total 84992K, used 31936K [0x0000000080000000, 0x0000000100000000)
  region size 1024K, 7 young (7168K), 7 survivors (7168K)
 Metaspace       used 46736K, committed 48000K, reserved 1114112K
  class space    used 6218K, committed 6848K, reserved 1048576K
}
Event: 2.505 GC heap before
{Heap before GC invocations=11 (full 0):
 garbage-first heap   total 84992K, used 71872K [0x0000000080000000, 0x0000000100000000)
  region size 1024K, 46 young (47104K), 7 survivors (7168K)
 Metaspace       used 49514K, committed 50880K, reserved 1114112K
  class space    used 6672K, committed 7360K, reserved 1048576K
}
Event: 2.507 GC heap after
{Heap after GC invocations=12 (full 0):
 garbage-first heap   total 115712K, used 34498K [0x0000000080000000, 0x0000000100000000)
  region size 1024K, 3 young (3072K), 3 survivors (3072K)
 Metaspace       used 49514K, committed 50880K, reserved 1114112K
  class space    used 6672K, committed 7360K, reserved 1048576K
}
Event: 2.935 GC heap before
{Heap before GC invocations=12 (full 0):
 garbage-first heap   total 115712K, used 100034K [0x0000000080000000, 0x0000000100000000)
  region size 1024K, 67 young (68608K), 3 survivors (3072K)
 Metaspace       used 58950K, committed 60416K, reserved 1114112K
  class space    used 7934K, committed 8640K, reserved 1048576K
}
Event: 2.937 GC heap after
{Heap after GC invocations=13 (full 0):
 garbage-first heap   total 115712K, used 36693K [0x0000000080000000, 0x0000000100000000)
  region size 1024K, 6 young (6144K), 6 survivors (6144K)
 Metaspace       used 58950K, committed 60416K, reserved 1114112K
  class space    used 7934K, committed 8640K, reserved 1048576K
}
Event: 3.462 GC heap before
{Heap before GC invocations=14 (full 0):
 garbage-first heap   total 115712K, used 99157K [0x0000000080000000, 0x0000000100000000)
  region size 1024K, 67 young (68608K), 6 survivors (6144K)
 Metaspace       used 65791K, committed 67456K, reserved 1114112K
  class space    used 8963K, committed 9792K, reserved 1048576K
}
Event: 3.465 GC heap after
{Heap after GC invocations=15 (full 0):
 garbage-first heap   total 115712K, used 42236K [0x0000000080000000, 0x0000000100000000)
  region size 1024K, 9 young (9216K), 9 survivors (9216K)
 Metaspace       used 65791K, committed 67456K, reserved 1114112K
  class space    used 8963K, committed 9792K, reserved 1048576K
}
Event: 3.592 GC heap before
{Heap before GC invocations=15 (full 0):
 garbage-first heap   total 115712K, used 97532K [0x0000000080000000, 0x0000000100000000)
  region size 1024K, 64 young (65536K), 9 survivors (9216K)
 Metaspace       used 66753K, committed 68416K, reserved 1114112K
  class space    used 9061K, committed 9856K, reserved 1048576K
}
Event: 3.595 GC heap after
{Heap after GC invocations=16 (full 0):
 garbage-first heap   total 115712K, used 45668K [0x0000000080000000, 0x0000000100000000)
  region size 1024K, 5 young (5120K), 5 survivors (5120K)
 Metaspace       used 66753K, committed 68416K, reserved 1114112K
  class space    used 9061K, committed 9856K, reserved 1048576K
}
Event: 3.668 GC heap before
{Heap before GC invocations=16 (full 0):
 garbage-first heap   total 115712K, used 100964K [0x0000000080000000, 0x0000000100000000)
  region size 1024K, 60 young (61440K), 5 survivors (5120K)
 Metaspace       used 66945K, committed 68608K, reserved 1114112K
  class space    used 9078K, committed 9920K, reserved 1048576K
}
Event: 3.669 GC heap after
{Heap after GC invocations=17 (full 0):
 garbage-first heap   total 115712K, used 46831K [0x0000000080000000, 0x0000000100000000)
  region size 1024K, 6 young (6144K), 6 survivors (6144K)
 Metaspace       used 66945K, committed 68608K, reserved 1114112K
  class space    used 9078K, committed 9920K, reserved 1048576K
}
Event: 3.702 GC heap before
{Heap before GC invocations=17 (full 0):
 garbage-first heap   total 115712K, used 51951K [0x0000000080000000, 0x0000000100000000)
  region size 1024K, 12 young (12288K), 6 survivors (6144K)
 Metaspace       used 67129K, committed 68736K, reserved 1114112K
  class space    used 9098K, committed 9920K, reserved 1048576K
}
Event: 3.703 GC heap after
{Heap after GC invocations=18 (full 0):
 garbage-first heap   total 139264K, used 47372K [0x0000000080000000, 0x0000000100000000)
  region size 1024K, 5 young (5120K), 5 survivors (5120K)
 Metaspace       used 67129K, committed 68736K, reserved 1114112K
  class space    used 9098K, committed 9920K, reserved 1048576K
}
Event: 3.708 GC heap before
{Heap before GC invocations=18 (full 0):
 garbage-first heap   total 139264K, used 48396K [0x0000000080000000, 0x0000000100000000)
  region size 1024K, 6 young (6144K), 5 survivors (5120K)
 Metaspace       used 67131K, committed 68800K, reserved 1114112K
  class space    used 9099K, committed 9920K, reserved 1048576K
}
Event: 3.709 GC heap after
{Heap after GC invocations=19 (full 0):
 garbage-first heap   total 139264K, used 48504K [0x0000000080000000, 0x0000000100000000)
  region size 1024K, 5 young (5120K), 5 survivors (5120K)
 Metaspace       used 67131K, committed 68800K, reserved 1114112K
  class space    used 9099K, committed 9920K, reserved 1048576K
}
Event: 4.071 GC heap before
{Heap before GC invocations=20 (full 0):
 garbage-first heap   total 139264K, used 124280K [0x0000000080000000, 0x0000000100000000)
  region size 1024K, 74 young (75776K), 5 survivors (5120K)
 Metaspace       used 73200K, committed 74880K, reserved 1114112K
  class space    used 9818K, committed 10624K, reserved 1048576K
}
Event: 4.074 GC heap after
{Heap after GC invocations=21 (full 0):
 garbage-first heap   total 139264K, used 60398K [0x0000000080000000, 0x0000000100000000)
  region size 1024K, 10 young (10240K), 10 survivors (10240K)
 Metaspace       used 73200K, committed 74880K, reserved 1114112K
  class space    used 9818K, committed 10624K, reserved 1048576K
}

