# JRE version: OpenJDK Runtime Environment (21.0.6) (build 21.0.6+-13368085-b895.109)
# Java VM: OpenJDK 64-Bit Server VM (21.0.6+-13368085-b895.109, mixed mode, tiered, compressed oops, compressed class ptrs, g1 gc, windows-amd64)
GC Precious Log:
 CardTable entry size: 512
 Card Set container configuration: InlinePtr #cards 5 size 8 Array Of Cards #cards 12 size 40 Howl #buckets 4 coarsen threshold 1843 Howl Bitmap #cards 512 size 80 coarsen threshold 460 Card regions per heap region 1 cards per card region 2048
 CPUs: 16 total, 16 available
 Memory: 16070M
 Large Page Support: Disabled
 NUMA Support: Disabled
 Compressed Oops: Enabled (32-bit)
 Heap Region Size: 1M
 Heap Min Capacity: 8M
 Heap Initial Capacity: 252M
 Heap Max Capacity: 2G
 Pre-touch: Disabled
 Parallel Workers: 13
 Concurrent Workers: 3
 Concurrent Refinement Workers: 13
 Periodic GC: Disabled
Heap:
 garbage-first heap   total 165888K, used 160219K [0x0000000080000000, 0x0000000100000000)
  region size 1024K, 32 young (32768K), 2 survivors (2048K)
 Metaspace       used 111879K, committed 114112K, reserved 1179648K
  class space    used 14990K, committed 16128K, reserved 1048576K
GC Heap History (20 events):
Event: 4.820 GC heap after
{Heap after GC invocations=26 (full 0):
 garbage-first heap   total 129024K, used 69828K [0x0000000080000000, 0x0000000100000000)
  region size 1024K, 5 young (5120K), 5 survivors (5120K)
 Metaspace       used 81704K, committed 83520K, reserved 1179648K
  class space    used 10915K, committed 11840K, reserved 1048576K
}
Event: 5.048 GC heap before
{Heap before GC invocations=26 (full 0):
 garbage-first heap   total 129024K, used 109764K [0x0000000080000000, 0x0000000100000000)
  region size 1024K, 45 young (46080K), 5 survivors (5120K)
 Metaspace       used 84430K, committed 86336K, reserved 1179648K
  class space    used 11259K, committed 12224K, reserved 1048576K
}
Event: 5.050 GC heap after
{Heap after GC invocations=27 (full 0):
 garbage-first heap   total 129024K, used 73248K [0x0000000080000000, 0x0000000100000000)
  region size 1024K, 5 young (5120K), 5 survivors (5120K)
 Metaspace       used 84430K, committed 86336K, reserved 1179648K
  class space    used 11259K, committed 12224K, reserved 1048576K
}
Event: 5.251 GC heap before
{Heap before GC invocations=27 (full 0):
 garbage-first heap   total 129024K, used 112160K [0x0000000080000000, 0x0000000100000000)
  region size 1024K, 43 young (44032K), 5 survivors (5120K)
 Metaspace       used 87472K, committed 89344K, reserved 1179648K
  class space    used 11662K, committed 12608K, reserved 1048576K
}
Event: 5.253 GC heap after
{Heap after GC invocations=28 (full 0):
 garbage-first heap   total 155648K, used 74750K [0x0000000080000000, 0x0000000100000000)
  region size 1024K, 2 young (2048K), 2 survivors (2048K)
 Metaspace       used 87472K, committed 89344K, reserved 1179648K
  class space    used 11662K, committed 12608K, reserved 1048576K
}
Event: 5.543 GC heap before
{Heap before GC invocations=29 (full 0):
 garbage-first heap   total 155648K, used 132094K [0x0000000080000000, 0x0000000100000000)
  region size 1024K, 57 young (58368K), 2 survivors (2048K)
 Metaspace       used 91909K, committed 93824K, reserved 1179648K
  class space    used 12430K, committed 13376K, reserved 1048576K
}
Event: 5.546 GC heap after
{Heap after GC invocations=30 (full 0):
 garbage-first heap   total 155648K, used 76762K [0x0000000080000000, 0x0000000100000000)
  region size 1024K, 4 young (4096K), 4 survivors (4096K)
 Metaspace       used 91909K, committed 93824K, reserved 1179648K
  class space    used 12430K, committed 13376K, reserved 1048576K
}
Event: 5.874 GC heap before
{Heap before GC invocations=30 (full 0):
 garbage-first heap   total 155648K, used 136154K [0x0000000080000000, 0x0000000100000000)
  region size 1024K, 62 young (63488K), 4 survivors (4096K)
 Metaspace       used 96592K, committed 98624K, reserved 1179648K
  class space    used 13100K, committed 14144K, reserved 1048576K
}
Event: 5.877 GC heap after
{Heap after GC invocations=31 (full 0):
 garbage-first heap   total 155648K, used 78300K [0x0000000080000000, 0x0000000100000000)
  region size 1024K, 7 young (7168K), 7 survivors (7168K)
 Metaspace       used 96592K, committed 98624K, reserved 1179648K
  class space    used 13100K, committed 14144K, reserved 1048576K
}
Event: 6.209 GC heap before
{Heap before GC invocations=31 (full 0):
 garbage-first heap   total 155648K, used 138716K [0x0000000080000000, 0x0000000100000000)
  region size 1024K, 66 young (67584K), 7 survivors (7168K)
 Metaspace       used 101998K, committed 104128K, reserved 1179648K
  class space    used 13870K, committed 14912K, reserved 1048576K
}
Event: 6.212 GC heap after
{Heap after GC invocations=32 (full 0):
 garbage-first heap   total 155648K, used 81818K [0x0000000080000000, 0x0000000100000000)
  region size 1024K, 7 young (7168K), 7 survivors (7168K)
 Metaspace       used 101998K, committed 104128K, reserved 1179648K
  class space    used 13870K, committed 14912K, reserved 1048576K
}
Event: 6.621 GC heap before
{Heap before GC invocations=33 (full 0):
 garbage-first heap   total 155648K, used 143258K [0x0000000080000000, 0x0000000100000000)
  region size 1024K, 63 young (64512K), 7 survivors (7168K)
 Metaspace       used 107045K, committed 109184K, reserved 1179648K
  class space    used 14430K, committed 15488K, reserved 1048576K
}
Event: 6.626 GC heap after
{Heap after GC invocations=34 (full 0):
 garbage-first heap   total 158720K, used 88300K [0x0000000080000000, 0x0000000100000000)
  region size 1024K, 8 young (8192K), 8 survivors (8192K)
 Metaspace       used 107045K, committed 109184K, reserved 1179648K
  class space    used 14430K, committed 15488K, reserved 1048576K
}
Event: 6.807 GC heap before
{Heap before GC invocations=34 (full 0):
 garbage-first heap   total 158720K, used 139500K [0x0000000080000000, 0x0000000100000000)
  region size 1024K, 59 young (60416K), 8 survivors (8192K)
 Metaspace       used 107524K, committed 109696K, reserved 1179648K
  class space    used 14523K, committed 15616K, reserved 1048576K
}
Event: 6.810 GC heap after
{Heap after GC invocations=35 (full 0):
 garbage-first heap   total 158720K, used 93083K [0x0000000080000000, 0x0000000100000000)
  region size 1024K, 5 young (5120K), 5 survivors (5120K)
 Metaspace       used 107524K, committed 109696K, reserved 1179648K
  class space    used 14523K, committed 15616K, reserved 1048576K
}
Event: 6.920 GC heap before
{Heap before GC invocations=35 (full 0):
 garbage-first heap   total 158720K, used 101275K [0x0000000080000000, 0x0000000100000000)
  region size 1024K, 14 young (14336K), 5 survivors (5120K)
 Metaspace       used 107844K, committed 109952K, reserved 1179648K
  class space    used 14566K, committed 15616K, reserved 1048576K
}
Event: 6.922 GC heap after
{Heap after GC invocations=36 (full 0):
 garbage-first heap   total 158720K, used 94109K [0x0000000080000000, 0x0000000100000000)
  region size 1024K, 2 young (2048K), 2 survivors (2048K)
 Metaspace       used 107844K, committed 109952K, reserved 1179648K
  class space    used 14566K, committed 15616K, reserved 1048576K
}
Event: 7.269 GC heap before
{Heap before GC invocations=37 (full 0):
 garbage-first heap   total 162816K, used 142237K [0x0000000080000000, 0x0000000100000000)
  region size 1024K, 48 young (49152K), 2 survivors (2048K)
 Metaspace       used 109725K, committed 111872K, reserved 1179648K
  class space    used 14752K, committed 15808K, reserved 1048576K
}
Event: 7.274 GC heap after
{Heap after GC invocations=38 (full 0):
 garbage-first heap   total 165888K, used 114139K [0x0000000080000000, 0x0000000100000000)
  region size 1024K, 6 young (6144K), 6 survivors (6144K)
 Metaspace       used 109725K, committed 111872K, reserved 1179648K
  class space    used 14752K, committed 15808K, reserved 1048576K
}
Event: 7.517 GC heap before
{Heap before GC invocations=38 (full 0):
 garbage-first heap   total 165888K, used 159195K [0x0000000080000000, 0x0000000100000000)
  region size 1024K, 36 young (36864K), 6 survivors (6144K)
 Metaspace       used 111879K, committed 114112K, reserved 1179648K
  class space    used 14990K, committed 16128K, reserved 1048576K
}

