# JRE version: OpenJDK Runtime Environment (21.0.6) (build 21.0.6+-13368085-b895.109)
# Java VM: OpenJDK 64-Bit Server VM (21.0.6+-13368085-b895.109, mixed mode, tiered, compressed oops, compressed class ptrs, g1 gc, windows-amd64)
GC Precious Log:
 CardTable entry size: 512
 Card Set container configuration: InlinePtr #cards 5 size 8 Array Of Cards #cards 12 size 40 Howl #buckets 4 coarsen threshold 1843 Howl Bitmap #cards 512 size 80 coarsen threshold 460 Card regions per heap region 1 cards per card region 2048
 CPUs: 16 total, 16 available
 Memory: 16070M
 Large Page Support: Disabled
 NUMA Support: Disabled
 Compressed Oops: Enabled (32-bit)
 Heap Region Size: 1M
 Heap Min Capacity: 8M
 Heap Initial Capacity: 252M
 Heap Max Capacity: 2G
 Pre-touch: Disabled
 Parallel Workers: 13
 Concurrent Workers: 3
 Concurrent Refinement Workers: 13
 Periodic GC: Disabled
Heap:
 garbage-first heap   total 129024K, used 75682K [0x0000000080000000, 0x0000000100000000)
  region size 1024K, 2 young (2048K), 2 survivors (2048K)
 Metaspace       used 87655K, committed 89536K, reserved 1179648K
  class space    used 11673K, committed 12608K, reserved 1048576K
GC Heap History (20 events):
Event: 3.418 GC heap after
{Heap after GC invocations=16 (full 0):
 garbage-first heap   total 103424K, used 42220K [0x0000000080000000, 0x0000000100000000)
  region size 1024K, 8 young (8192K), 8 survivors (8192K)
 Metaspace       used 65494K, committed 67136K, reserved 1114112K
  class space    used 8921K, committed 9728K, reserved 1048576K
}
Event: 3.551 GC heap before
{Heap before GC invocations=16 (full 0):
 garbage-first heap   total 103424K, used 87276K [0x0000000080000000, 0x0000000100000000)
  region size 1024K, 53 young (54272K), 8 survivors (8192K)
 Metaspace       used 66665K, committed 68288K, reserved 1114112K
  class space    used 9068K, committed 9856K, reserved 1048576K
}
Event: 3.554 GC heap after
{Heap after GC invocations=17 (full 0):
 garbage-first heap   total 103424K, used 46001K [0x0000000080000000, 0x0000000100000000)
  region size 1024K, 5 young (5120K), 5 survivors (5120K)
 Metaspace       used 66665K, committed 68288K, reserved 1114112K
  class space    used 9068K, committed 9856K, reserved 1048576K
}
Event: 3.611 GC heap before
{Heap before GC invocations=17 (full 0):
 garbage-first heap   total 103424K, used 90033K [0x0000000080000000, 0x0000000100000000)
  region size 1024K, 49 young (50176K), 5 survivors (5120K)
 Metaspace       used 66887K, committed 68544K, reserved 1114112K
  class space    used 9068K, committed 9856K, reserved 1048576K
}
Event: 3.613 GC heap after
{Heap after GC invocations=18 (full 0):
 garbage-first heap   total 103424K, used 47505K [0x0000000080000000, 0x0000000100000000)
  region size 1024K, 4 young (4096K), 4 survivors (4096K)
 Metaspace       used 66887K, committed 68544K, reserved 1114112K
  class space    used 9068K, committed 9856K, reserved 1048576K
}
Event: 3.690 GC heap before
{Heap before GC invocations=18 (full 0):
 garbage-first heap   total 103424K, used 82321K [0x0000000080000000, 0x0000000100000000)
  region size 1024K, 40 young (40960K), 4 survivors (4096K)
 Metaspace       used 67181K, committed 68864K, reserved 1114112K
  class space    used 9105K, committed 9920K, reserved 1048576K
}
Event: 3.691 GC heap after
{Heap after GC invocations=19 (full 0):
 garbage-first heap   total 124928K, used 48884K [0x0000000080000000, 0x0000000100000000)
  region size 1024K, 4 young (4096K), 4 survivors (4096K)
 Metaspace       used 67181K, committed 68864K, reserved 1114112K
  class space    used 9105K, committed 9920K, reserved 1048576K
}
Event: 3.693 GC heap before
{Heap before GC invocations=19 (full 0):
 garbage-first heap   total 124928K, used 49908K [0x0000000080000000, 0x0000000100000000)
  region size 1024K, 5 young (5120K), 4 survivors (4096K)
 Metaspace       used 67183K, committed 68864K, reserved 1114112K
  class space    used 9105K, committed 9920K, reserved 1048576K
}
Event: 3.695 GC heap after
{Heap after GC invocations=20 (full 0):
 garbage-first heap   total 124928K, used 49961K [0x0000000080000000, 0x0000000100000000)
  region size 1024K, 4 young (4096K), 4 survivors (4096K)
 Metaspace       used 67183K, committed 68864K, reserved 1114112K
  class space    used 9105K, committed 9920K, reserved 1048576K
}
Event: 4.002 GC heap before
{Heap before GC invocations=21 (full 0):
 garbage-first heap   total 124928K, used 114473K [0x0000000080000000, 0x0000000100000000)
  region size 1024K, 62 young (63488K), 4 survivors (4096K)
 Metaspace       used 71845K, committed 73536K, reserved 1114112K
  class space    used 9665K, committed 10496K, reserved 1048576K
}
Event: 4.005 GC heap after
{Heap after GC invocations=22 (full 0):
 garbage-first heap   total 126976K, used 61784K [0x0000000080000000, 0x0000000100000000)
  region size 1024K, 8 young (8192K), 8 survivors (8192K)
 Metaspace       used 71845K, committed 73536K, reserved 1114112K
  class space    used 9665K, committed 10496K, reserved 1048576K
}
Event: 4.269 GC heap before
{Heap before GC invocations=22 (full 0):
 garbage-first heap   total 126976K, used 110936K [0x0000000080000000, 0x0000000100000000)
  region size 1024K, 56 young (57344K), 8 survivors (8192K)
 Metaspace       used 77422K, committed 79296K, reserved 1179648K
  class space    used 10351K, committed 11264K, reserved 1048576K
}
Event: 4.271 GC heap after
{Heap after GC invocations=23 (full 0):
 garbage-first heap   total 126976K, used 62887K [0x0000000080000000, 0x0000000100000000)
  region size 1024K, 2 young (2048K), 2 survivors (2048K)
 Metaspace       used 77422K, committed 79296K, reserved 1179648K
  class space    used 10351K, committed 11264K, reserved 1048576K
}
Event: 4.348 GC heap before
{Heap before GC invocations=23 (full 0):
 garbage-first heap   total 126976K, used 74151K [0x0000000080000000, 0x0000000100000000)
  region size 1024K, 14 young (14336K), 2 survivors (2048K)
 Metaspace       used 79244K, committed 81088K, reserved 1179648K
  class space    used 10572K, committed 11456K, reserved 1048576K
}
Event: 4.350 GC heap after
{Heap after GC invocations=24 (full 0):
 garbage-first heap   total 126976K, used 64621K [0x0000000080000000, 0x0000000100000000)
  region size 1024K, 4 young (4096K), 4 survivors (4096K)
 Metaspace       used 79244K, committed 81088K, reserved 1179648K
  class space    used 10572K, committed 11456K, reserved 1048576K
}
Event: 4.581 GC heap before
{Heap before GC invocations=25 (full 0):
 garbage-first heap   total 126976K, used 119917K [0x0000000080000000, 0x0000000100000000)
  region size 1024K, 53 young (54272K), 4 survivors (4096K)
 Metaspace       used 82168K, committed 83968K, reserved 1179648K
  class space    used 10960K, committed 11840K, reserved 1048576K
}
Event: 4.583 GC heap after
{Heap after GC invocations=26 (full 0):
 garbage-first heap   total 129024K, used 69751K [0x0000000080000000, 0x0000000100000000)
  region size 1024K, 7 young (7168K), 7 survivors (7168K)
 Metaspace       used 82168K, committed 83968K, reserved 1179648K
  class space    used 10960K, committed 11840K, reserved 1048576K
}
Event: 4.800 GC heap before
{Heap before GC invocations=26 (full 0):
 garbage-first heap   total 129024K, used 112759K [0x0000000080000000, 0x0000000100000000)
  region size 1024K, 50 young (51200K), 7 survivors (7168K)
 Metaspace       used 85057K, committed 86848K, reserved 1179648K
  class space    used 11323K, committed 12224K, reserved 1048576K
}
Event: 4.803 GC heap after
{Heap after GC invocations=27 (full 0):
 garbage-first heap   total 129024K, used 73966K [0x0000000080000000, 0x0000000100000000)
  region size 1024K, 5 young (5120K), 5 survivors (5120K)
 Metaspace       used 85057K, committed 86848K, reserved 1179648K
  class space    used 11323K, committed 12224K, reserved 1048576K
}
Event: 4.949 GC heap before
{Heap before GC invocations=27 (full 0):
 garbage-first heap   total 129024K, used 105710K [0x0000000080000000, 0x0000000100000000)
  region size 1024K, 37 young (37888K), 5 survivors (5120K)
 Metaspace       used 87655K, committed 89536K, reserved 1179648K
  class space    used 11673K, committed 12608K, reserved 1048576K
}

